\BOOKMARK [0][-]{chapter*.1}{\376\377\000R\000e\000s\000u\000m\000e\000n}{}% 1
\BOOKMARK [0][-]{chapter*.2}{\376\377\000A\000g\000r\000a\000d\000e\000c\000i\000m\000i\000e\000n\000t\000o\000s}{}% 2
\BOOKMARK [0][-]{chapter*.4}{\376\377\000L\000i\000s\000t\000a\000\040\000d\000e\000\040\000f\000i\000g\000u\000r\000a\000s}{}% 3
\BOOKMARK [0][-]{chapter*.5}{\376\377\000L\000i\000s\000t\000a\000\040\000d\000e\000\040\000T\000a\000b\000l\000a\000s}{}% 4
\BOOKMARK [0][-]{chapter*.6}{\376\377\000I\000n\000t\000r\000o\000d\000u\000c\000c\000i\000\363\000n}{}% 5
\BOOKMARK [0][-]{chapter.1}{\376\377\000M\000o\000d\000e\000l\000o\000\040\000d\000e\000\040\000b\000o\000l\000s\000a}{}% 6
\BOOKMARK [1][-]{section.1.1}{\376\377\000M\000o\000d\000e\000l\000o\000\040\000d\000e\000\040\000b\000o\000l\000s\000a}{chapter.1}% 7
\BOOKMARK [2][-]{subsection.1.1.1}{\376\377\000\277\000P\000o\000r\000\040\000q\000u\000\351\000\040\000u\000n\000\040\000m\000o\000d\000e\000l\000o\000\040\000d\000e\000\040\000b\000o\000l\000s\000a\000?}{section.1.1}% 8
\BOOKMARK [1][-]{section.1.2}{\376\377\000L\000a\000\040\000a\000p\000r\000o\000x\000i\000m\000a\000c\000i\000\363\000n\000\040\000d\000e\000\040\000l\000a\000\040\000c\000a\000v\000i\000d\000a\000d\000\040\000e\000s\000f\000\351\000r\000i\000c\000a}{chapter.1}% 9
\BOOKMARK [0][-]{chapter.2}{\376\377\000E\000s\000t\000a\000d\000\355\000s\000t\000i\000c\000a\000\040\000d\000e\000\040\000T\000s\000a\000l\000l\000i\000s}{}% 10
\BOOKMARK [1][-]{section.2.1}{\376\377\000I\000n\000t\000r\000o\000d\000u\000c\000c\000i\000\363\000n}{chapter.2}% 11
\BOOKMARK [1][-]{section.2.2}{\376\377\000P\000r\000e\000s\000i\000\363\000n\000\040\000d\000e\000n\000t\000r\000o\000\040\000d\000e\000l\000\040\000h\000a\000d\000r\000\363\000n}{chapter.2}% 12
\BOOKMARK [2][-]{subsection.2.2.1}{\376\377\000P\000r\000e\000s\000i\000\363\000n\000\040\000d\000e\000\040\000g\000l\000u\000o\000n\000e\000s\000,\000\040\000u\000n\000\040\000g\000a\000s\000\040\000i\000d\000e\000a\000l\000\040\000d\000e\000\040\000B\000o\000s\000e\000\040\000-\000\040\000E\000i\000n\000s\000t\000e\000i\000n\000\040\000u\000l\000t\000r\000a\000r\000e\000l\000a\000t\000i\000v\000i\000s\000t\000a}{section.2.2}% 13
\BOOKMARK [2][-]{subsection.2.2.2}{\376\377\000P\000r\000e\000s\000i\000\363\000n\000\040\000d\000e\000\040\000q\000u\000a\000r\000k\000s\000,\000\040\000u\000n\000\040\000g\000a\000s\000\040\000i\000d\000e\000a\000l\000\040\000d\000e\000\040\000F\000e\000r\000m\000i\000\040\000-\000\040\000D\000i\000r\000a\000c\000\040\000u\000l\000t\000r\000a\000r\000r\000e\000l\000a\000t\000i\000v\000i\000s\000t\000a}{section.2.2}% 14
\BOOKMARK [1][-]{section.2.3}{\376\377\000E\000l\000\040\000p\000r\000o\000t\000\363\000n\000\040\000e\000n\000\040\000e\000l\000\040\000m\000o\000d\000e\000l\000o\000\040\000d\000e\000\040\000T\000s\000a\000l\000l\000i\000s}{chapter.2}% 15
\BOOKMARK [2][-]{subsection.2.3.1}{\376\377\000L\000a\000\040\000e\000n\000t\000r\000o\000p\000\355\000a\000\040\000e\000n\000\040\000e\000l\000\040\000m\000o\000d\000e\000l\000o\000\040\000d\000e\000\040\000T\000s\000a\000l\000l\000i\000s}{section.2.3}% 16
\BOOKMARK [2][-]{subsection.2.3.2}{\376\377\000L\000a\000\040\000p\000r\000e\000s\000i\000\363\000n\000\040\000e\000n\000\040\000e\000l\000\040\000m\000o\000d\000e\000l\000o\000\040\000d\000e\000\040\000T\000s\000a\000l\000l\000i\000s}{section.2.3}% 17
\BOOKMARK [0][-]{chapter.3}{\376\377\000C\000a\000r\000a\000c\000t\000e\000r\000\355\000s\000t\000i\000c\000a\000s\000\040\000d\000e\000\040\000e\000s\000t\000r\000u\000c\000t\000u\000r\000a\000\040\000d\000e\000l\000\040\000p\000r\000o\000t\000\363\000n}{}% 18
\BOOKMARK [0][-]{chapter.4}{\376\377\000S\000i\000g\000n\000i\000f\000i\000c\000a\000d\000o\000\040\000f\000\355\000s\000i\000c\000o\000\040\000d\000e\000l\000\040\000p\000a\000r\000\341\000m\000e\000t\000r\000o\000\040\000q\000\040\000d\000e\000\040\000T\000s\000a\000l\000l\000i\000s}{}% 19
\BOOKMARK [0][-]{chapter.5}{\376\377\000D\000i\000s\000t\000r\000i\000b\000u\000c\000i\000\363\000n\000\040\000d\000e\000\040\000p\000r\000e\000s\000i\000\363\000n\000\040\000t\000o\000t\000a\000l\000\040\000y\000\040\000p\000r\000e\000s\000i\000\363\000n\000\040\000d\000e\000\040\000g\000l\000u\000o\000n\000e\000s}{}% 20
\BOOKMARK [0][-]{chapter.6}{\376\377\000R\000e\000s\000u\000l\000t\000a\000d\000o\000s\000\040\000y\000\040\000c\000o\000n\000c\000l\000u\000s\000i\000o\000n\000e\000s}{}% 21
\BOOKMARK [0][-]{appendix.Alph1}{\376\377\000A\000p\000p\000e\000n\000d\000i\000x\000\040\000O\000n\000\040\000C\000o\000l\000l\000i\000s\000i\000o\000n\000s}{}% 22
\BOOKMARK [0][-]{appendix.Alph1}{\376\377\000A\000p\000p\000e\000n\000d\000i\000x\000:\000\040\000O\000n\000\040\000C\000o\000l\000l\000i\000s\000i\000o\000n\000s}{}% 23
\BOOKMARK [1][-]{section.Alph1.1}{\376\377\000O\000n\000\040\000c\000o\000l\000l\000i\000s\000i\000o\000n\000s}{appendix.Alph1}% 24
\BOOKMARK [0][-]{appendix.Alph2}{\376\377\000A\000p\000p\000e\000n\000d\000i\000x\000\040\000O\000n\000\040\000C\000o\000l\000l\000i\000s\000i\000o\000n\000s}{}% 25
\BOOKMARK [0][-]{appendix.Alph2}{\376\377\000A\000p\000p\000e\000n\000d\000i\000x\000:\000\040\000O\000n\000\040\000C\000o\000l\000l\000i\000s\000i\000o\000n\000s}{}% 26
\BOOKMARK [1][-]{section.Alph2.1}{\376\377\000O\000n\000\040\000c\000o\000l\000l\000i\000s\000i\000o\000n\000s}{appendix.Alph2}% 27
\BOOKMARK [0][-]{section*.8}{\376\377\000A\000c\000r\000\363\000n\000i\000m\000o\000s}{}% 28
\BOOKMARK [0][-]{section*.10}{\376\377\000L\000i\000s\000t\000\040\000o\000f\000\040\000t\000e\000r\000m\000s}{}% 29
\BOOKMARK [0][-]{appendix*.12}{\376\377\000B\000i\000b\000l\000i\000o\000g\000r\000a\000f\000\355\000a}{}% 30
